positions: instr line
events: inuse_space(kB)

ob=
fl=(1) c:\go\src\regexp\syntax\compile.go
fn=(1) regexp/syntax.(*compiler).inst
0x742f97 173 1024

ob=
fl=(2) c:\go\src\runtime\proc.go
fn=(2) runtime.main
0x432317 188 0
cfl=(3) C:\Projects\goproj\pkg\mod\github.com\nokusukun\stemp@v0.0.0-20190721151213-e6029a1e4f9a\stemp.go
cfn=(3) github.com/nokusukun/stemp.init.ializers
calls=0 +911477 77
* * 512

ob=
fl=(1)
fn=(4) regexp/syntax.Compile
0x740ba0 83 0
cfl=(1)
cfn=(5) regexp/syntax.(*compiler).compile
calls=0 0x7418e7 156
* * 1024

ob=
fl=(1)
fn=(5)
+855 110 0
cfl=(1)
cfn=(6) regexp/syntax.(*compiler).rune
calls=0 +8609 267
* * 512
+506 119 0
cfl=(1)
cfn=(6)
calls=0 +7754 267
* * 512
+2038 156 0
cfl=(1)
cfn=(5)
calls=0 -506 110
* * 512
cfl=(1)
cfn=(5)
calls=0 +2957 144
* * 512
+919 144 0
cfl=(1)
cfn=(5)
calls=0 -2038 119
* * 512

ob=
fl=(1)
fn=(6)
+4291 267 0
cfl=(1)
cfn=(1)
calls=0 +4889 173
* * 1024

ob=
fl=(4) c:\go\src\regexp\regexp.go
fn=(7) regexp.compile
+95687 176 0
cfl=(1)
cfn=(4)
calls=0 -8609 83
* * 1024

ob=
fl=(4)
fn=(8) regexp.MustCompile
+2531 270 0
cfl=(4)
cfn=(9) regexp.Compile
calls=0 +2573 131
* * 1024

ob=
fl=(4)
fn=(9)
+42 131 0
cfl=(4)
cfn=(7)
calls=0 -2531 176
* * 1024

ob=
fl=(3)
fn=(10) github.com/nokusukun/stemp.getParameters
+812505 48 0
cfl=(4)
cfn=(8)
calls=0 -42 270
* * 512

ob=
fl=(3)
fn=(11) github.com/nokusukun/stemp.CompileStrict
+853 115 0
cfl=(3)
cfn=(10)
calls=0 * 48
* * 512

ob=
fl=(3)
fn=(3)
+457 77 0
cfl=(4)
cfn=(8)
calls=0 -813400 270
* * 512

ob=
fl=(5) C:\Projects\particles\roggy\logger.go
fn=(12) github.com/nokusukun/particles/roggy.start
+9423 203 0
cfl=(3)
cfn=(13) github.com/nokusukun/stemp.Compile
calls=0 +9461 104
* * 512

ob=
fl=(3)
fn=(13)
+38 104 0
cfl=(3)
cfn=(11)
calls=0 -9880 115
* * 512
